#
# A fatal error has been detected by the Java Runtime Environment:
#
#  Internal Error (safepoint.cpp:919), pid=14831, tid=35335
#  fatal error: Illegal threadstate encountered: 4
#
# JRE version: OpenJDK Runtime Environment Temurin-11.0.14.1+1 (11.0.14.1+1) (build 11.0.14.1+1)
# Java VM: OpenJDK 64-Bit Server VM Temurin-11.0.14.1+1 (11.0.14.1+1, mixed mode, tiered, compressed oops, g1 gc, bsd-amd64)
# No core dump will be written. Core dumps have been disabled. To enable core dumping, try "ulimit -c unlimited" before starting Java again
#
# If you would like to submit a bug report, please visit:
#   https://github.com/adoptium/adoptium-support/issues
# The crash happened outside the Java Virtual Machine in native code.
# See problematic frame for where to report the bug.
#

---------------  S U M M A R Y ------------

Command Line: -Dfile.encoding=UTF-8 it.polito.tdp.anagrammi.Main

Host: MacBookPro12,1 x86_64 2700 MHz, 4 cores, 8G, Darwin 21.3.0
Time: Tue Apr  5 14:57:43 2022 CEST elapsed time: 17.663875 seconds (0d 0h 0m 17s)

---------------  T H R E A D  ---------------

Current thread (0x00007f98e40e5800):  JavaThread "InvokeLaterDispatcher" daemon [_thread_in_native, id=35335, stack(0x0000700010050000,0x0000700010150000)]

Stack: [0x0000700010050000,0x0000700010150000],  sp=0x000070001014e320,  free space=1016k
Native frames: (J=compiled Java code, A=aot compiled Java code, j=interpreted, Vv=VM code, C=native code)
V  [libjvm.dylib+0x7c5ab3]  VMError::report_and_die(int, char const*, char const*, __va_list_tag*, Thread*, unsigned char*, void*, void*, char const*, int, unsigned long)+0x601
V  [libjvm.dylib+0x276985]  report_fatal(VMErrorType, char const*, int, char const*, ...)+0xc0
V  [libjvm.dylib+0x69bc15]  SafepointSynchronize::block(JavaThread*)+0x1d9
V  [libjvm.dylib+0x69d183]  SafepointMechanism::block_if_requested_slow(JavaThread*)+0x1d
V  [libjvm.dylib+0x77e5c4]  JavaThread::check_safepoint_and_suspend_for_native_trans(JavaThread*)+0x9c
V  [libjvm.dylib+0x3f36ae]  jni_DeleteGlobalRef+0x93
C  [libglass.dylib+0x8871]  -[GlassRunnable dealloc]+0x31
C  [Foundation+0x80eab]  -[_NSThreadPerformInfo dealloc]+0x2a
C  [Foundation+0x4dcd7]  -[NSObject(NSThreadPerformAdditions) performSelectorOnMainThread:withObject:waitUntilDone:]+0x7c
J 2856  com.sun.glass.ui.mac.MacApplication._submitForLaterInvocation(Ljava/lang/Runnable;)V (0 bytes) @ 0x000000011d5a538f [0x000000011d5a52c0+0x00000000000000cf]
J 2855 c1 com.sun.glass.ui.mac.MacApplication.submitForLaterInvocation(Ljava/lang/Runnable;)V (6 bytes) @ 0x00000001164969b4 [0x0000000116496940+0x0000000000000074]
j  com.sun.glass.ui.InvokeLaterDispatcher.run()V+82
v  ~StubRoutines::call_stub
V  [libjvm.dylib+0x3b7c22]  JavaCalls::call_helper(JavaValue*, methodHandle const&, JavaCallArguments*, Thread*)+0x1fe
V  [libjvm.dylib+0x3b7088]  JavaCalls::call_virtual(JavaValue*, Klass*, Symbol*, Symbol*, JavaCallArguments*, Thread*)+0xee
V  [libjvm.dylib+0x3b7144]  JavaCalls::call_virtual(JavaValue*, Handle, Klass*, Symbol*, Symbol*, Thread*)+0x62
V  [libjvm.dylib+0x43dfce]  thread_entry(JavaThread*, Thread*)+0x78
V  [libjvm.dylib+0x77d03c]  JavaThread::thread_main_inner()+0x82
V  [libjvm.dylib+0x77ce86]  JavaThread::run()+0x122
V  [libjvm.dylib+0x77ada0]  Thread::call_run()+0x68
V  [libjvm.dylib+0x6291d1]  thread_native_entry(Thread*)+0x139
C  [libsystem_pthread.dylib+0x64f4]  _pthread_start+0x7d
C  [libsystem_pthread.dylib+0x200f]  thread_start+0xf

Java frames: (J=compiled Java code, j=interpreted, Vv=VM code)
J 2856  com.sun.glass.ui.mac.MacApplication._submitForLaterInvocation(Ljava/lang/Runnable;)V (0 bytes) @ 0x000000011d5a531c [0x000000011d5a52c0+0x000000000000005c]
J 2855 c1 com.sun.glass.ui.mac.MacApplication.submitForLaterInvocation(Ljava/lang/Runnable;)V (6 bytes) @ 0x00000001164969b4 [0x0000000116496940+0x0000000000000074]
j  com.sun.glass.ui.InvokeLaterDispatcher.run()V+82
v  ~StubRoutines::call_stub

---------------  P R O C E S S  ---------------

Threads class SMR info:
_java_thread_list=0x00006000031fda60, length=16, elements={
0x00007f98e4009000, 0x00007f98e38a1000, 0x00007f98e3810000, 0x00007f98e201e800,
0x00007f98e4035000, 0x00007f98e2031800, 0x00007f98e2032800, 0x00007f98e2033800,
0x00007f98e3016800, 0x00007f98e2097800, 0x00007f98e3114800, 0x00007f98e40e5800,
0x00007f98e237e800, 0x00007f98e23d1000, 0x00007f98e247f000, 0x00007f98e34d7000
}

Java Threads: ( => current thread )
  0x00007f98e4009000 JavaThread "main" [_thread_blocked, id=5891, stack(0x000070000ed14000,0x000070000ee14000)]
  0x00007f98e38a1000 JavaThread "Reference Handler" daemon [_thread_blocked, id=17155, stack(0x000070000f429000,0x000070000f529000)]
  0x00007f98e3810000 JavaThread "Finalizer" daemon [_thread_blocked, id=13059, stack(0x000070000f52c000,0x000070000f62c000)]
  0x00007f98e201e800 JavaThread "Signal Dispatcher" daemon [_thread_blocked, id=15363, stack(0x000070000f735000,0x000070000f835000)]
  0x00007f98e4035000 JavaThread "Service Thread" daemon [_thread_blocked, id=43267, stack(0x000070000f838000,0x000070000f938000)]
  0x00007f98e2031800 JavaThread "C2 CompilerThread0" daemon [_thread_blocked, id=22275, stack(0x000070000f93b000,0x000070000fa3b000)]
  0x00007f98e2032800 JavaThread "C1 CompilerThread0" daemon [_thread_blocked, id=42755, stack(0x000070000fa3e000,0x000070000fb3e000)]
  0x00007f98e2033800 JavaThread "Sweeper thread" daemon [_thread_blocked, id=23043, stack(0x000070000fb41000,0x000070000fc41000)]
  0x00007f98e3016800 JavaThread "Common-Cleaner" daemon [_thread_blocked, id=41219, stack(0x000070000fd47000,0x000070000fe47000)]
  0x00007f98e2097800 JavaThread "JavaFX-Launcher" [_thread_blocked, id=23811, stack(0x000070000fe4a000,0x000070000ff4a000)]
  0x00007f98e3114800 JavaThread "QuantumRenderer-0" daemon [_thread_blocked, id=40195, stack(0x000070000ff4d000,0x000070001004d000)]
=>0x00007f98e40e5800 JavaThread "InvokeLaterDispatcher" daemon [_thread_in_native, id=35335, stack(0x0000700010050000,0x0000700010150000)]
  0x00007f98e237e800 JavaThread "JavaFX Application Thread" [_thread_in_native_trans, id=259, stack(0x00007ff7b9161000,0x00007ff7b9961000)]
  0x00007f98e23d1000 JavaThread "Thread-3" daemon [_thread_blocked, id=84495, stack(0x0000700010153000,0x00007000101d3000)]
  0x00007f98e247f000 JavaThread "Prism Font Disposer" daemon [_thread_blocked, id=75803, stack(0x00007000105e5000,0x00007000106e5000)]
  0x00007f98e34d7000 JavaThread "Cleaner-0" daemon [_thread_blocked, id=61707, stack(0x000070001076b000,0x000070001086b000)]

Other Threads:
  0x00007f98e2009000 VMThread "VM Thread" [stack: 0x000070000f326000,0x000070000f426000] [id=12291] _threads_hazard_ptr=0x00006000031fda60
  0x00007f98e4038800 WatcherThread [stack: 0x000070000fc44000,0x000070000fd44000] [id=23299]
  0x00007f98e400a800 GCTaskThread "GC Thread#0" [stack: 0x000070000ee17000,0x000070000ef17000] [id=20483]
  0x00007f98e23d2800 GCTaskThread "GC Thread#1" [stack: 0x00007000102dc000,0x00007000103dc000] [id=77827]
  0x00007f98e23f8800 GCTaskThread "GC Thread#2" [stack: 0x00007000103df000,0x00007000104df000] [id=53507]
  0x00007f98e23f9800 GCTaskThread "GC Thread#3" [stack: 0x00007000104e2000,0x00007000105e2000] [id=77315]
  0x00007f98e3832000 ConcurrentGCThread "G1 Main Marker" [stack: 0x000070000ef1a000,0x000070000f01a000] [id=19971]
  0x00007f98e3832800 ConcurrentGCThread "G1 Conc#0" [stack: 0x000070000f01d000,0x000070000f11d000] [id=19203]
  0x00007f98e3883800 ConcurrentGCThread "G1 Refine#0" [stack: 0x000070000f120000,0x000070000f220000] [id=11779]
  0x00007f98e3884000 ConcurrentGCThread "G1 Young RemSet Sampling" [stack: 0x000070000f223000,0x000070000f323000] [id=18691]

Threads with active compile tasks:
C1 CompilerThread0  17690 3039       3       com.sun.marlin.DRenderer::_endRendering (2473 bytes)

VM state:synchronizing (normal execution)

VM Mutex/Monitor currently owned by a thread:  ([mutex/lock_event])
[0x0000600001f42780] Safepoint_lock - owner thread: 0x00007f98e2009000
[0x0000600001f42800] Threads_lock - owner thread: 0x00007f98e2009000

Heap address: 0x0000000780000000, size: 2048 MB, Compressed Oops mode: Zero based, Oop shift amount: 3
Narrow klass base: 0x0000000800000000, Narrow klass shift: 0
Compressed class space size: 1073741824 Address: 0x0000000800000000

Heap:
 garbage-first heap   total 131072K, used 29263K [0x0000000780000000, 0x0000000800000000)
  region size 1024K, 27 young (27648K), 6 survivors (6144K)
 Metaspace       used 27299K, capacity 28303K, committed 28672K, reserved 1075200K
  class space    used 3324K, capacity 3765K, committed 3840K, reserved 1048576K
Heap Regions: E=young(eden), S=young(survivor), O=old, HS=humongous(starts), HC=humongous(continues), CS=collection set, F=free, A=archive, TAMS=top-at-mark-start (previous, next)
|   0|0x0000000780000000, 0x00000007800fb600, 0x0000000780100000| 98%| O|  |TAMS 0x00000007800fb600, 0x0000000780000000| Untracked 
|   1|0x0000000780100000, 0x0000000780200000, 0x0000000780200000|100%|HS|  |TAMS 0x0000000780100000, 0x0000000780100000| Complete 
|   2|0x0000000780200000, 0x0000000780300000, 0x0000000780300000|100%|HC|  |TAMS 0x0000000780200000, 0x0000000780200000| Complete 
|   3|0x0000000780300000, 0x0000000780300000, 0x0000000780400000|  0%| F|  |TAMS 0x0000000780300000, 0x0000000780300000| Untracked 
|   4|0x0000000780400000, 0x0000000780400000, 0x0000000780500000|  0%| F|  |TAMS 0x0000000780400000, 0x0000000780400000| Untracked 
|   5|0x0000000780500000, 0x0000000780500000, 0x0000000780600000|  0%| F|  |TAMS 0x0000000780500000, 0x0000000780500000| Untracked 
|   6|0x0000000780600000, 0x0000000780600000, 0x0000000780700000|  0%| F|  |TAMS 0x0000000780600000, 0x0000000780600000| Untracked 
|   7|0x0000000780700000, 0x0000000780700000, 0x0000000780800000|  0%| F|  |TAMS 0x0000000780700000, 0x0000000780700000| Untracked 
|   8|0x0000000780800000, 0x0000000780800000, 0x0000000780900000|  0%| F|  |TAMS 0x0000000780800000, 0x0000000780800000| Untracked 
|   9|0x0000000780900000, 0x0000000780900000, 0x0000000780a00000|  0%| F|  |TAMS 0x0000000780900000, 0x0000000780900000| Untracked 
|  10|0x0000000780a00000, 0x0000000780a00000, 0x0000000780b00000|  0%| F|  |TAMS 0x0000000780a00000, 0x0000000780a00000| Untracked 
|  11|0x0000000780b00000, 0x0000000780b00000, 0x0000000780c00000|  0%| F|  |TAMS 0x0000000780b00000, 0x0000000780b00000| Untracked 
|  12|0x0000000780c00000, 0x0000000780c00000, 0x0000000780d00000|  0%| F|  |TAMS 0x0000000780c00000, 0x0000000780c00000| Untracked 
|  13|0x0000000780d00000, 0x0000000780d00000, 0x0000000780e00000|  0%| F|  |TAMS 0x0000000780d00000, 0x0000000780d00000| Untracked 
|  14|0x0000000780e00000, 0x0000000780e00000, 0x0000000780f00000|  0%| F|  |TAMS 0x0000000780e00000, 0x0000000780e00000| Untracked 
|  15|0x0000000780f00000, 0x0000000780f00000, 0x0000000781000000|  0%| F|  |TAMS 0x0000000780f00000, 0x0000000780f00000| Untracked 
|  16|0x0000000781000000, 0x0000000781000000, 0x0000000781100000|  0%| F|  |TAMS 0x0000000781000000, 0x0000000781000000| Untracked 
|  17|0x0000000781100000, 0x0000000781100000, 0x0000000781200000|  0%| F|  |TAMS 0x0000000781100000, 0x0000000781100000| Untracked 
|  18|0x0000000781200000, 0x0000000781200000, 0x0000000781300000|  0%| F|  |TAMS 0x0000000781200000, 0x0000000781200000| Untracked 
|  19|0x0000000781300000, 0x0000000781300000, 0x0000000781400000|  0%| F|  |TAMS 0x0000000781300000, 0x0000000781300000| Untracked 
|  20|0x0000000781400000, 0x0000000781400000, 0x0000000781500000|  0%| F|  |TAMS 0x0000000781400000, 0x0000000781400000| Untracked 
|  21|0x0000000781500000, 0x0000000781500000, 0x0000000781600000|  0%| F|  |TAMS 0x0000000781500000, 0x0000000781500000| Untracked 
|  22|0x0000000781600000, 0x0000000781600000, 0x0000000781700000|  0%| F|  |TAMS 0x0000000781600000, 0x0000000781600000| Untracked 
|  23|0x0000000781700000, 0x0000000781700000, 0x0000000781800000|  0%| F|  |TAMS 0x0000000781700000, 0x0000000781700000| Untracked 
|  24|0x0000000781800000, 0x0000000781800000, 0x0000000781900000|  0%| F|  |TAMS 0x0000000781800000, 0x0000000781800000| Untracked 
|  25|0x0000000781900000, 0x0000000781900000, 0x0000000781a00000|  0%| F|  |TAMS 0x0000000781900000, 0x0000000781900000| Untracked 
|  26|0x0000000781a00000, 0x0000000781a00000, 0x0000000781b00000|  0%| F|  |TAMS 0x0000000781a00000, 0x0000000781a00000| Untracked 
|  27|0x0000000781b00000, 0x0000000781b00000, 0x0000000781c00000|  0%| F|  |TAMS 0x0000000781b00000, 0x0000000781b00000| Untracked 
|  28|0x0000000781c00000, 0x0000000781c00000, 0x0000000781d00000|  0%| F|  |TAMS 0x0000000781c00000, 0x0000000781c00000| Untracked 
|  29|0x0000000781d00000, 0x0000000781d00000, 0x0000000781e00000|  0%| F|  |TAMS 0x0000000781d00000, 0x0000000781d00000| Untracked 
|  30|0x0000000781e00000, 0x0000000781e00000, 0x0000000781f00000|  0%| F|  |TAMS 0x0000000781e00000, 0x0000000781e00000| Untracked 
|  31|0x0000000781f00000, 0x0000000781f00000, 0x0000000782000000|  0%| F|  |TAMS 0x0000000781f00000, 0x0000000781f00000| Untracked 
|  32|0x0000000782000000, 0x0000000782000000, 0x0000000782100000|  0%| F|  |TAMS 0x0000000782000000, 0x0000000782000000| Untracked 
|  33|0x0000000782100000, 0x0000000782100000, 0x0000000782200000|  0%| F|  |TAMS 0x0000000782100000, 0x0000000782100000| Untracked 
|  34|0x0000000782200000, 0x0000000782200000, 0x0000000782300000|  0%| F|  |TAMS 0x0000000782200000, 0x0000000782200000| Untracked 
|  35|0x0000000782300000, 0x0000000782300000, 0x0000000782400000|  0%| F|  |TAMS 0x0000000782300000, 0x0000000782300000| Untracked 
|  36|0x0000000782400000, 0x0000000782400000, 0x0000000782500000|  0%| F|  |TAMS 0x0000000782400000, 0x0000000782400000| Untracked 
|  37|0x0000000782500000, 0x0000000782500000, 0x0000000782600000|  0%| F|  |TAMS 0x0000000782500000, 0x0000000782500000| Untracked 
|  38|0x0000000782600000, 0x0000000782600000, 0x0000000782700000|  0%| F|  |TAMS 0x0000000782600000, 0x0000000782600000| Untracked 
|  39|0x0000000782700000, 0x0000000782700000, 0x0000000782800000|  0%| F|  |TAMS 0x0000000782700000, 0x0000000782700000| Untracked 
|  40|0x0000000782800000, 0x0000000782800000, 0x0000000782900000|  0%| F|  |TAMS 0x0000000782800000, 0x0000000782800000| Untracked 
|  41|0x0000000782900000, 0x0000000782900000, 0x0000000782a00000|  0%| F|  |TAMS 0x0000000782900000, 0x0000000782900000| Untracked 
|  42|0x0000000782a00000, 0x0000000782a00000, 0x0000000782b00000|  0%| F|  |TAMS 0x0000000782a00000, 0x0000000782a00000| Untracked 
|  43|0x0000000782b00000, 0x0000000782b00000, 0x0000000782c00000|  0%| F|  |TAMS 0x0000000782b00000, 0x0000000782b00000| Untracked 
|  44|0x0000000782c00000, 0x0000000782c00000, 0x0000000782d00000|  0%| F|  |TAMS 0x0000000782c00000, 0x0000000782c00000| Untracked 
|  45|0x0000000782d00000, 0x0000000782d00000, 0x0000000782e00000|  0%| F|  |TAMS 0x0000000782d00000, 0x0000000782d00000| Untracked 
|  46|0x0000000782e00000, 0x0000000782e00000, 0x0000000782f00000|  0%| F|  |TAMS 0x0000000782e00000, 0x0000000782e00000| Untracked 
|  47|0x0000000782f00000, 0x0000000782f00000, 0x0000000783000000|  0%| F|  |TAMS 0x0000000782f00000, 0x0000000782f00000| Untracked 
|  48|0x0000000783000000, 0x0000000783000000, 0x0000000783100000|  0%| F|  |TAMS 0x0000000783000000, 0x0000000783000000| Untracked 
|  49|0x0000000783100000, 0x0000000783100000, 0x0000000783200000|  0%| F|  |TAMS 0x0000000783100000, 0x0000000783100000| Untracked 
|  50|0x0000000783200000, 0x0000000783200000, 0x0000000783300000|  0%| F|  |TAMS 0x0000000783200000, 0x0000000783200000| Untracked 
|  51|0x0000000783300000, 0x0000000783300000, 0x0000000783400000|  0%| F|  |TAMS 0x0000000783300000, 0x0000000783300000| Untracked 
|  52|0x0000000783400000, 0x0000000783400000, 0x0000000783500000|  0%| F|  |TAMS 0x0000000783400000, 0x0000000783400000| Untracked 
|  53|0x0000000783500000, 0x0000000783500000, 0x0000000783600000|  0%| F|  |TAMS 0x0000000783500000, 0x0000000783500000| Untracked 
|  54|0x0000000783600000, 0x0000000783600000, 0x0000000783700000|  0%| F|  |TAMS 0x0000000783600000, 0x0000000783600000| Untracked 
|  55|0x0000000783700000, 0x0000000783700000, 0x0000000783800000|  0%| F|  |TAMS 0x0000000783700000, 0x0000000783700000| Untracked 
|  56|0x0000000783800000, 0x0000000783800000, 0x0000000783900000|  0%| F|  |TAMS 0x0000000783800000, 0x0000000783800000| Untracked 
|  57|0x0000000783900000, 0x0000000783900000, 0x0000000783a00000|  0%| F|  |TAMS 0x0000000783900000, 0x0000000783900000| Untracked 
|  58|0x0000000783a00000, 0x0000000783a00000, 0x0000000783b00000|  0%| F|  |TAMS 0x0000000783a00000, 0x0000000783a00000| Untracked 
|  59|0x0000000783b00000, 0x0000000783b00000, 0x0000000783c00000|  0%| F|  |TAMS 0x0000000783b00000, 0x0000000783b00000| Untracked 
|  60|0x0000000783c00000, 0x0000000783c00000, 0x0000000783d00000|  0%| F|  |TAMS 0x0000000783c00000, 0x0000000783c00000| Untracked 
|  61|0x0000000783d00000, 0x0000000783d00000, 0x0000000783e00000|  0%| F|  |TAMS 0x0000000783d00000, 0x0000000783d00000| Untracked 
|  62|0x0000000783e00000, 0x0000000783e00000, 0x0000000783f00000|  0%| F|  |TAMS 0x0000000783e00000, 0x0000000783e00000| Untracked 
|  63|0x0000000783f00000, 0x0000000783f00000, 0x0000000784000000|  0%| F|  |TAMS 0x0000000783f00000, 0x0000000783f00000| Untracked 
|  64|0x0000000784000000, 0x0000000784000000, 0x0000000784100000|  0%| F|  |TAMS 0x0000000784000000, 0x0000000784000000| Untracked 
|  65|0x0000000784100000, 0x0000000784100000, 0x0000000784200000|  0%| F|  |TAMS 0x0000000784100000, 0x0000000784100000| Untracked 
|  66|0x0000000784200000, 0x0000000784200000, 0x0000000784300000|  0%| F|  |TAMS 0x0000000784200000, 0x0000000784200000| Untracked 
|  67|0x0000000784300000, 0x0000000784300000, 0x0000000784400000|  0%| F|  |TAMS 0x0000000784300000, 0x0000000784300000| Untracked 
|  68|0x0000000784400000, 0x0000000784400000, 0x0000000784500000|  0%| F|  |TAMS 0x0000000784400000, 0x0000000784400000| Untracked 
|  69|0x0000000784500000, 0x0000000784500000, 0x0000000784600000|  0%| F|  |TAMS 0x0000000784500000, 0x0000000784500000| Untracked 
|  70|0x0000000784600000, 0x0000000784600000, 0x0000000784700000|  0%| F|  |TAMS 0x0000000784600000, 0x0000000784600000| Untracked 
|  71|0x0000000784700000, 0x0000000784700000, 0x0000000784800000|  0%| F|  |TAMS 0x0000000784700000, 0x0000000784700000| Untracked 
|  72|0x0000000784800000, 0x0000000784800000, 0x0000000784900000|  0%| F|  |TAMS 0x0000000784800000, 0x0000000784800000| Untracked 
|  73|0x0000000784900000, 0x0000000784900000, 0x0000000784a00000|  0%| F|  |TAMS 0x0000000784900000, 0x0000000784900000| Untracked 
|  74|0x0000000784a00000, 0x0000000784a00000, 0x0000000784b00000|  0%| F|  |TAMS 0x0000000784a00000, 0x0000000784a00000| Untracked 
|  75|0x0000000784b00000, 0x0000000784b00000, 0x0000000784c00000|  0%| F|  |TAMS 0x0000000784b00000, 0x0000000784b00000| Untracked 
|  76|0x0000000784c00000, 0x0000000784c00000, 0x0000000784d00000|  0%| F|  |TAMS 0x0000000784c00000, 0x0000000784c00000| Untracked 
|  77|0x0000000784d00000, 0x0000000784d00000, 0x0000000784e00000|  0%| F|  |TAMS 0x0000000784d00000, 0x0000000784d00000| Untracked 
|  78|0x0000000784e00000, 0x0000000784e00000, 0x0000000784f00000|  0%| F|  |TAMS 0x0000000784e00000, 0x0000000784e00000| Untracked 
|  79|0x0000000784f00000, 0x0000000784f00000, 0x0000000785000000|  0%| F|  |TAMS 0x0000000784f00000, 0x0000000784f00000| Untracked 
|  80|0x0000000785000000, 0x0000000785000000, 0x0000000785100000|  0%| F|  |TAMS 0x0000000785000000, 0x0000000785000000| Untracked 
|  81|0x0000000785100000, 0x0000000785100000, 0x0000000785200000|  0%| F|  |TAMS 0x0000000785100000, 0x0000000785100000| Untracked 
|  82|0x0000000785200000, 0x0000000785200000, 0x0000000785300000|  0%| F|  |TAMS 0x0000000785200000, 0x0000000785200000| Untracked 
|  83|0x0000000785300000, 0x0000000785300000, 0x0000000785400000|  0%| F|  |TAMS 0x0000000785300000, 0x0000000785300000| Untracked 
|  84|0x0000000785400000, 0x0000000785400000, 0x0000000785500000|  0%| F|  |TAMS 0x0000000785400000, 0x0000000785400000| Untracked 
|  85|0x0000000785500000, 0x0000000785500000, 0x0000000785600000|  0%| F|  |TAMS 0x0000000785500000, 0x0000000785500000| Untracked 
|  86|0x0000000785600000, 0x0000000785600000, 0x0000000785700000|  0%| F|  |TAMS 0x0000000785600000, 0x0000000785600000| Untracked 
|  87|0x0000000785700000, 0x0000000785700000, 0x0000000785800000|  0%| F|  |TAMS 0x0000000785700000, 0x0000000785700000| Untracked 
|  88|0x0000000785800000, 0x0000000785800000, 0x0000000785900000|  0%| F|  |TAMS 0x0000000785800000, 0x0000000785800000| Untracked 
|  89|0x0000000785900000, 0x0000000785900000, 0x0000000785a00000|  0%| F|  |TAMS 0x0000000785900000, 0x0000000785900000| Untracked 
|  90|0x0000000785a00000, 0x0000000785a00000, 0x0000000785b00000|  0%| F|  |TAMS 0x0000000785a00000, 0x0000000785a00000| Untracked 
|  91|0x0000000785b00000, 0x0000000785b00000, 0x0000000785c00000|  0%| F|  |TAMS 0x0000000785b00000, 0x0000000785b00000| Untracked 
|  92|0x0000000785c00000, 0x0000000785c00000, 0x0000000785d00000|  0%| F|  |TAMS 0x0000000785c00000, 0x0000000785c00000| Untracked 
|  93|0x0000000785d00000, 0x0000000785d987c0, 0x0000000785e00000| 59%| S|CS|TAMS 0x0000000785d00000, 0x0000000785d00000| Complete 
|  94|0x0000000785e00000, 0x0000000785f00000, 0x0000000785f00000|100%| S|CS|TAMS 0x0000000785e00000, 0x0000000785e00000| Complete 
|  95|0x0000000785f00000, 0x0000000786000000, 0x0000000786000000|100%| S|CS|TAMS 0x0000000785f00000, 0x0000000785f00000| Complete 
|  96|0x0000000786000000, 0x0000000786100000, 0x0000000786100000|100%| S|CS|TAMS 0x0000000786000000, 0x0000000786000000| Complete 
|  97|0x0000000786100000, 0x0000000786200000, 0x0000000786200000|100%| S|CS|TAMS 0x0000000786100000, 0x0000000786100000| Complete 
|  98|0x0000000786200000, 0x0000000786300000, 0x0000000786300000|100%| S|CS|TAMS 0x0000000786200000, 0x0000000786200000| Complete 
|  99|0x0000000786300000, 0x0000000786300000, 0x0000000786400000|  0%| F|  |TAMS 0x0000000786300000, 0x0000000786300000| Untracked 
| 100|0x0000000786400000, 0x0000000786400000, 0x0000000786500000|  0%| F|  |TAMS 0x0000000786400000, 0x0000000786400000| Untracked 
| 101|0x0000000786500000, 0x0000000786500000, 0x0000000786600000|  0%| F|  |TAMS 0x0000000786500000, 0x0000000786500000| Untracked 
| 102|0x0000000786600000, 0x0000000786600000, 0x0000000786700000|  0%| F|  |TAMS 0x0000000786600000, 0x0000000786600000| Untracked 
| 103|0x0000000786700000, 0x0000000786700000, 0x0000000786800000|  0%| F|  |TAMS 0x0000000786700000, 0x0000000786700000| Untracked 
| 104|0x0000000786800000, 0x0000000786800000, 0x0000000786900000|  0%| F|  |TAMS 0x0000000786800000, 0x0000000786800000| Untracked 
| 105|0x0000000786900000, 0x0000000786900000, 0x0000000786a00000|  0%| F|  |TAMS 0x0000000786900000, 0x0000000786900000| Untracked 
| 106|0x0000000786a00000, 0x0000000786a00000, 0x0000000786b00000|  0%| F|  |TAMS 0x0000000786a00000, 0x0000000786a00000| Untracked 
| 107|0x0000000786b00000, 0x0000000786bba448, 0x0000000786c00000| 72%| E|  |TAMS 0x0000000786b00000, 0x0000000786b00000| Complete 
| 108|0x0000000786c00000, 0x0000000786d00000, 0x0000000786d00000|100%| E|CS|TAMS 0x0000000786c00000, 0x0000000786c00000| Complete 
| 109|0x0000000786d00000, 0x0000000786e00000, 0x0000000786e00000|100%| E|CS|TAMS 0x0000000786d00000, 0x0000000786d00000| Complete 
| 110|0x0000000786e00000, 0x0000000786f00000, 0x0000000786f00000|100%| E|CS|TAMS 0x0000000786e00000, 0x0000000786e00000| Complete 
| 111|0x0000000786f00000, 0x0000000787000000, 0x0000000787000000|100%| E|CS|TAMS 0x0000000786f00000, 0x0000000786f00000| Complete 
| 112|0x0000000787000000, 0x0000000787100000, 0x0000000787100000|100%| E|CS|TAMS 0x0000000787000000, 0x0000000787000000| Complete 
| 113|0x0000000787100000, 0x0000000787200000, 0x0000000787200000|100%| E|CS|TAMS 0x0000000787100000, 0x0000000787100000| Complete 
| 114|0x0000000787200000, 0x0000000787300000, 0x0000000787300000|100%| E|CS|TAMS 0x0000000787200000, 0x0000000787200000| Complete 
| 115|0x0000000787300000, 0x0000000787400000, 0x0000000787400000|100%| E|CS|TAMS 0x0000000787300000, 0x0000000787300000| Complete 
| 116|0x0000000787400000, 0x0000000787500000, 0x0000000787500000|100%| E|CS|TAMS 0x0000000787400000, 0x0000000787400000| Complete 
| 117|0x0000000787500000, 0x0000000787600000, 0x0000000787600000|100%| E|CS|TAMS 0x0000000787500000, 0x0000000787500000| Complete 
| 118|0x0000000787600000, 0x0000000787700000, 0x0000000787700000|100%| E|CS|TAMS 0x0000000787600000, 0x0000000787600000| Complete 
| 119|0x0000000787700000, 0x0000000787800000, 0x0000000787800000|100%| E|CS|TAMS 0x0000000787700000, 0x0000000787700000| Complete 
| 120|0x0000000787800000, 0x0000000787900000, 0x0000000787900000|100%| E|CS|TAMS 0x0000000787800000, 0x0000000787800000| Complete 
| 121|0x0000000787900000, 0x0000000787a00000, 0x0000000787a00000|100%| E|CS|TAMS 0x0000000787900000, 0x0000000787900000| Complete 
| 122|0x0000000787a00000, 0x0000000787b00000, 0x0000000787b00000|100%| E|CS|TAMS 0x0000000787a00000, 0x0000000787a00000| Complete 
| 123|0x0000000787b00000, 0x0000000787c00000, 0x0000000787c00000|100%| E|CS|TAMS 0x0000000787b00000, 0x0000000787b00000| Complete 
| 124|0x0000000787c00000, 0x0000000787d00000, 0x0000000787d00000|100%| E|CS|TAMS 0x0000000787c00000, 0x0000000787c00000| Complete 
| 125|0x0000000787d00000, 0x0000000787e00000, 0x0000000787e00000|100%| E|CS|TAMS 0x0000000787d00000, 0x0000000787d00000| Complete 
| 126|0x0000000787e00000, 0x0000000787f00000, 0x0000000787f00000|100%| E|CS|TAMS 0x0000000787e00000, 0x0000000787e00000| Complete 
| 127|0x0000000787f00000, 0x0000000788000000, 0x0000000788000000|100%| E|CS|TAMS 0x0000000787f00000, 0x0000000787f00000| Complete 

Card table byte_map: [0x0000000106d6d000,0x000000010716d000] _byte_map_base: 0x000000010316d000

Marking Bits (Prev, Next): (CMBitMap*) 0x00007f98e3829450, (CMBitMap*) 0x00007f98e3829418
 Prev Bits: [0x0000000112da0000, 0x0000000114da0000)
 Next Bits: [0x0000000110da0000, 0x0000000112da0000)

Polling page: 0x00000001066de000

Metaspace:

Usage:
  Non-class:     23.96 MB capacity,    23.41 MB ( 98%) used,   449.71 KB (  2%) free+waste,   113.31 KB ( <1%) overhead. 
      Class:      3.68 MB capacity,     3.25 MB ( 88%) used,   382.99 KB ( 10%) free+waste,    57.50 KB (  2%) overhead. 
       Both:     27.64 MB capacity,    26.66 MB ( 96%) used,   832.70 KB (  3%) free+waste,   170.81 KB ( <1%) overhead. 

Virtual space:
  Non-class space:       26.00 MB reserved,      24.25 MB ( 93%) committed 
      Class space:        1.00 GB reserved,       3.75 MB ( <1%) committed 
             Both:        1.03 GB reserved,      28.00 MB (  3%) committed 

Chunk freelists:
   Non-Class:  146.00 KB
       Class:  11.00 KB
        Both:  157.00 KB

MaxMetaspaceSize: unlimited
CompressedClassSpaceSize: 1.00 GB
Initial GC threshold: 20.80 MB
Current GC threshold: 35.00 MB
CDS: off

CodeHeap 'non-profiled nmethods': size=120032Kb used=1210Kb max_used=1210Kb free=118821Kb
 bounds [0x000000011d484000, 0x000000011d6f4000, 0x00000001249bc000]
CodeHeap 'profiled nmethods': size=120032Kb used=5793Kb max_used=5793Kb free=114238Kb
 bounds [0x0000000115f4c000, 0x00000001164fc000, 0x000000011d484000]
CodeHeap 'non-nmethods': size=5696Kb used=1457Kb max_used=1470Kb free=4239Kb
 bounds [0x00000001159bc000, 0x0000000115c2c000, 0x0000000115f4c000]
 total_blobs=3828 nmethods=3029 adapters=711
 compilation: enabled
              stopped_count=0, restarted_count=0
 full_count=0

Compilation events (20 events):
Event: 17.622 Thread 0x00007f98e2032800 3012       1       com.sun.prism.paint.Gradient::getNumStops (5 bytes)
Event: 17.622 Thread 0x00007f98e2032800 nmethod 3012 0x000000011d5b1590 code [0x000000011d5b1740, 0x000000011d5b17f0]
Event: 17.626 Thread 0x00007f98e2032800 3025       3       com.sun.javafx.scene.NodeHelper::updatePeer (9 bytes)
Event: 17.626 Thread 0x00007f98e2032800 nmethod 3025 0x00000001164ec990 code [0x00000001164ecb60, 0x00000001164ecd30]
Event: 17.627 Thread 0x00007f98e2032800 3026       3       com.sun.javafx.scene.NodeHelper::updatePeerImpl (10 bytes)
Event: 17.628 Thread 0x00007f98e2032800 nmethod 3026 0x00000001164ece10 code [0x00000001164ecfe0, 0x00000001164ed240]
Event: 17.628 Thread 0x00007f98e2032800 3027       3       java.util.Collections::emptyIterator (4 bytes)
Event: 17.628 Thread 0x00007f98e2032800 nmethod 3027 0x00000001164ed390 code [0x00000001164ed540, 0x00000001164ed630]
Event: 17.631 Thread 0x00007f98e2032800 3028       3       com.sun.prism.impl.BaseTexture::lock (9 bytes)
Event: 17.631 Thread 0x00007f98e2032800 nmethod 3028 0x00000001164ed690 code [0x00000001164ed840, 0x00000001164ed9b0]
Event: 17.632 Thread 0x00007f98e2032800 3029   !   3       com.sun.javafx.sg.prism.NGGroup::renderContent (422 bytes)
Event: 17.636 Thread 0x00007f98e2031800 nmethod 3024 0x000000011d5b1890 code [0x000000011d5b1aa0, 0x000000011d5b1ed8]
Event: 17.636 Thread 0x00007f98e2031800 3035       4       com.sun.prism.impl.VertexBuffer::putColor (53 bytes)
Event: 17.638 Thread 0x00007f98e2031800 nmethod 3035 0x000000011d5b2290 code [0x000000011d5b2420, 0x000000011d5b2518]
Event: 17.642 Thread 0x00007f98e2032800 nmethod 3029 0x00000001164eda90 code [0x00000001164ee040, 0x00000001164f1ca0]
Event: 17.642 Thread 0x00007f98e2032800 3032       3       com.sun.javafx.text.TextRun::getPosY (39 bytes)
Event: 17.643 Thread 0x00007f98e2032800 nmethod 3032 0x00000001164f3090 code [0x00000001164f3240, 0x00000001164f3450]
Event: 17.643 Thread 0x00007f98e2032800 3033       3       com.sun.javafx.geom.transform.AffineBase::transform (301 bytes)
Event: 17.649 Thread 0x00007f98e2032800 nmethod 3033 0x00000001164f3510 code [0x00000001164f3760, 0x00000001164f4240]
Event: 17.649 Thread 0x00007f98e2032800 3039       3       com.sun.marlin.DRenderer::_endRendering (2473 bytes)

GC Heap History (4 events):
Event: 0.896 GC heap before
{Heap before GC invocations=0 (full 0):
 garbage-first heap   total 131072K, used 14336K [0x0000000780000000, 0x0000000800000000)
  region size 1024K, 14 young (14336K), 0 survivors (0K)
 Metaspace       used 10333K, capacity 10650K, committed 11008K, reserved 1058816K
  class space    used 1035K, capacity 1173K, committed 1280K, reserved 1048576K
}
Event: 0.900 GC heap after
{Heap after GC invocations=1 (full 0):
 garbage-first heap   total 131072K, used 3053K [0x0000000780000000, 0x0000000800000000)
  region size 1024K, 2 young (2048K), 2 survivors (2048K)
 Metaspace       used 10333K, capacity 10650K, committed 11008K, reserved 1058816K
  class space    used 1035K, capacity 1173K, committed 1280K, reserved 1048576K
}
Event: 2.741 GC heap before
{Heap before GC invocations=1 (full 0):
 garbage-first heap   total 131072K, used 29677K [0x0000000780000000, 0x0000000800000000)
  region size 1024K, 29 young (29696K), 2 survivors (2048K)
 Metaspace       used 20458K, capacity 21140K, committed 21248K, reserved 1067008K
  class space    used 2485K, capacity 2754K, committed 2816K, reserved 1048576K
}
Event: 2.754 GC heap after
{Heap after GC invocations=2 (full 0):
 garbage-first heap   total 131072K, used 6735K [0x0000000780000000, 0x0000000800000000)
  region size 1024K, 6 young (6144K), 6 survivors (6144K)
 Metaspace       used 20458K, capacity 21140K, committed 21248K, reserved 1067008K
  class space    used 2485K, capacity 2754K, committed 2816K, reserved 1048576K
}

Deoptimization events (20 events):
Event: 17.619 Thread 0x00007f98e237e800 Uncommon trap: trap_request=0xffffff4d fr.pc=0x000000011d59bab8 relative=0x0000000000000858
Event: 17.619 Thread 0x00007f98e237e800 Uncommon trap: reason=unstable_if action=reinterpret pc=0x000000011d59bab8 method=javafx.scene.Node$MiscProperties.getEffect()Ljavafx/scene/effect/Effect; @ 4 c2
Event: 17.619 Thread 0x00007f98e237e800 DEOPT PACKING pc=0x000000011d59bab8 sp=0x00007ff7b995a9c0
Event: 17.619 Thread 0x00007f98e237e800 DEOPT UNPACKING pc=0x0000000115a05ea5 sp=0x00007ff7b995a898 mode 2
Event: 17.619 Thread 0x00007f98e237e800 Uncommon trap: trap_request=0xffffffde fr.pc=0x000000011d596004 relative=0x00000000000010c4
Event: 17.619 Thread 0x00007f98e237e800 Uncommon trap: reason=class_check action=maybe_recompile pc=0x000000011d596004 method=javafx.scene.Node.updateLocalToParentTransform()V @ 11 c2
Event: 17.619 Thread 0x00007f98e237e800 DEOPT PACKING pc=0x000000011d596004 sp=0x00007ff7b995ac00
Event: 17.619 Thread 0x00007f98e237e800 DEOPT UNPACKING pc=0x0000000115a05ea5 sp=0x00007ff7b995abc0 mode 2
Event: 17.636 Thread 0x00007f98e3114800 Uncommon trap: trap_request=0xffffff4d fr.pc=0x000000011d582998 relative=0x00000000000022d8
Event: 17.636 Thread 0x00007f98e3114800 Uncommon trap: reason=unstable_if action=reinterpret pc=0x000000011d582998 method=com.sun.marlin.DRenderer._endRendering(IILcom/sun/marlin/MarlinAlphaConsumer;)V @ 325 c2
Event: 17.636 Thread 0x00007f98e3114800 DEOPT PACKING pc=0x000000011d582998 sp=0x000070001004ab40
Event: 17.636 Thread 0x00007f98e3114800 DEOPT UNPACKING pc=0x0000000115a05ea5 sp=0x000070001004a9c8 mode 2
Event: 17.639 Thread 0x00007f98e3114800 Uncommon trap: trap_request=0xffffff4d fr.pc=0x000000011d56bd30 relative=0x0000000000003130
Event: 17.639 Thread 0x00007f98e3114800 Uncommon trap: reason=unstable_if action=reinterpret pc=0x000000011d56bd30 method=com.sun.marlin.DRenderer._endRendering(IILcom/sun/marlin/MarlinAlphaConsumer;)V @ 325 c2
Event: 17.639 Thread 0x00007f98e3114800 DEOPT PACKING pc=0x000000011d56bd30 sp=0x000070001004ab00
Event: 17.639 Thread 0x00007f98e3114800 DEOPT UNPACKING pc=0x0000000115a05ea5 sp=0x000070001004a9c8 mode 2
Event: 17.644 Thread 0x00007f98e3114800 Uncommon trap: trap_request=0xffffff4d fr.pc=0x000000011d55f0cc relative=0x000000000000344c
Event: 17.644 Thread 0x00007f98e3114800 Uncommon trap: reason=unstable_if action=reinterpret pc=0x000000011d55f0cc method=com.sun.marlin.DRenderer._endRendering(IILcom/sun/marlin/MarlinAlphaConsumer;)V @ 325 c2
Event: 17.644 Thread 0x00007f98e3114800 DEOPT PACKING pc=0x000000011d55f0cc sp=0x000070001004aaf0
Event: 17.644 Thread 0x00007f98e3114800 DEOPT UNPACKING pc=0x0000000115a05ea5 sp=0x000070001004a9c8 mode 2

Classes redefined (0 events):
No events

Internal exceptions (20 events):
Event: 1.752 Thread 0x00007f98e237e800 Implicit null exception at 0x000000011d4e4695 to 0x000000011d4e4a6c
Event: 1.752 Thread 0x00007f98e237e800 Implicit null exception at 0x000000011d4efdfe to 0x000000011d4f0b48
Event: 2.558 Thread 0x00007f98e237e800 Exception <a 'java/lang/NoSuchMethodError'{0x0000000786714df0}: 'java.lang.Object java.lang.invoke.Invokers$Holder.linkToTargetMethod(java.lang.Object, int, java.lang.Object)'> (0x0000000786714df0) thrown at [./src/hotspot/share/interpreter/linkResolver.cpp, line 773]
Event: 2.597 Thread 0x00007f98e237e800 Exception <a 'java/lang/NoSuchMethodError'{0x00000007867a4238}: 'java.lang.Object java.lang.invoke.DirectMethodHandle$Holder.invokeInterface(java.lang.Object, java.lang.Object, java.lang.Object)'> (0x00000007867a4238) thrown at [./src/hotspot/share/interpreter/linkResolver.cpp, line 773]
Event: 2.597 Thread 0x00007f98e237e800 Exception <a 'java/lang/IncompatibleClassChangeError'{0x00000007867a73f0}: Found class java.lang.Object, but interface was expected> (0x00000007867a73f0) thrown at [./src/hotspot/share/interpreter/linkResolver.cpp, line 839]
Event: 3.056 Thread 0x00007f98e237e800 Exception <a 'java/lang/NoSuchMethodError'{0x00000007879da150}: 'java.lang.Object java.lang.invoke.Invokers$Holder.linkToTargetMethod(java.lang.Object, int, int, java.lang.Object)'> (0x00000007879da150) thrown at [./src/hotspot/share/interpreter/linkResolver.cpp, line 773]
Event: 3.178 Thread 0x00007f98e237e800 Exception <a 'java/lang/NoSuchMethodError'{0x00000007878e4fb8}: 'long java.lang.invoke.DirectMethodHandle$Holder.invokeStaticInit(java.lang.Object, java.lang.Object, java.lang.Object)'> (0x00000007878e4fb8) thrown at [./src/hotspot/share/interpreter/linkResolver.cpp, line 773]
Event: 3.181 Thread 0x00007f98e237e800 Exception <a 'java/lang/NoSuchMethodError'{0x00000007877ac510}: 'java.lang.Object java.lang.invoke.DirectMethodHandle$Holder.invokeStatic(java.lang.Object, java.lang.Object, long)'> (0x00000007877ac510) thrown at [./src/hotspot/share/interpreter/linkResolver.cpp, line 773]
Event: 3.182 Thread 0x00007f98e237e800 Exception <a 'java/lang/NoSuchMethodError'{0x00000007877b2688}: 'java.lang.Object java.lang.invoke.Invokers$Holder.linkToTargetMethod(java.lang.Object, long, java.lang.Object)'> (0x00000007877b2688) thrown at [./src/hotspot/share/interpreter/linkResolver.cpp, line 773]
Event: 3.184 Thread 0x00007f98e3114800 Exception <a 'java/lang/NoSuchMethodError'{0x0000000787753078}: 'int java.lang.invoke.DirectMethodHandle$Holder.invokeStaticInit(java.lang.Object, java.lang.Object)'> (0x0000000787753078) thrown at [./src/hotspot/share/interpreter/linkResolver.cpp, line 773]
Event: 3.430 Thread 0x00007f98e237e800 Exception <a 'java/lang/NoSuchMethodError'{0x00000007877edeb0}: 'java.lang.Object java.lang.invoke.DirectMethodHandle$Holder.invokeStatic(java.lang.Object, java.lang.Object, long, int, int, int)'> (0x00000007877edeb0) thrown at [./src/hotspot/share/interpreter/linkResolver.cpp, line 773]
Event: 3.431 Thread 0x00007f98e237e800 Exception <a 'java/lang/NoSuchMethodError'{0x00000007873c86e8}: 'java.lang.Object java.lang.invoke.DirectMethodHandle$Holder.invokeStatic(java.lang.Object, java.lang.Object, int, java.lang.Object, long, int, int, int, int)'> (0x00000007873c86e8) thrown at [./src/hotspot/share/interpreter/linkResolver.cpp, line 773]
Event: 9.254 Thread 0x00007f98e237e800 Exception <a 'java/lang/NoSuchMethodError'{0x00000007872c0028}: 'java.lang.Object java.lang.invoke.DirectMethodHandle$Holder.invokeStatic(java.lang.Object, java.lang.Object, int, int, int, int, int, java.lang.Object)'> (0x00000007872c0028) thrown at [./src/hotspot/share/interpreter/linkResolver.cpp, line 773]
Event: 9.256 Thread 0x00007f98e237e800 Exception <a 'java/lang/NoSuchMethodError'{0x00000007872d08c0}: 'java.lang.Object java.lang.invoke.DirectMethodHandle$Holder.invokeStatic(java.lang.Object, java.lang.Object, java.lang.Object, int, int, int, int, int)'> (0x00000007872d08c0) thrown at [./src/hotspot/share/interpreter/linkResolver.cpp, line 773]
Event: 9.256 Thread 0x00007f98e237e800 Exception <a 'java/lang/NoSuchMethodError'{0x00000007872d7130}: 'java.lang.Object java.lang.invoke.Invokers$Holder.linkToTargetMethod(java.lang.Object, java.lang.Object, int, int, int, int, int, java.lang.Object)'> (0x00000007872d7130) thrown at [./src/hotspot/share/interpreter/linkResolver.cpp, line 773]
Event: 9.318 Thread 0x00007f98e237e800 Exception <a 'java/lang/NoSuchMethodError'{0x0000000787111de0}: 'int java.lang.invoke.DirectMethodHandle$Holder.invokeSpecialIFC(java.lang.Object, java.lang.Object, int)'> (0x0000000787111de0) thrown at [./src/hotspot/share/interpreter/linkResolver.cpp, line 773]
Event: 9.341 Thread 0x00007f98e237e800 Exception <a 'java/lang/NoClassDefFoundError'{0x00000007871c9f50}: com/sun/jna/Platform> (0x00000007871c9f50) thrown at [./src/hotspot/share/classfile/systemDictionary.cpp, line 219]
Event: 9.380 Thread 0x00007f98e237e800 Exception <a 'java/lang/NoSuchMethodError'{0x00000007870d4848}: 'java.lang.Object java.lang.invoke.DirectMethodHandle$Holder.invokeStaticInit(java.lang.Object, java.lang.Object, long, java.lang.Object)'> (0x00000007870d4848) thrown at [./src/hotspot/share/interpreter/linkResolver.cpp, line 773]
Event: 9.385 Thread 0x00007f98e237e800 Exception <a 'java/lang/NoClassDefFoundError'{0x00000007870fb070}: com/sun/jna/Platform> (0x00000007870fb070) thrown at [./src/hotspot/share/classfile/systemDictionary.cpp, line 219]
Event: 17.653 Thread 0x00007f98e3114800 Exception <a 'java/lang/NoSuchMethodError'{0x00000007873a9b70}: 'java.lang.Object java.lang.invoke.DirectMethodHandle$Holder.invokeStaticInit(java.lang.Object, int)'> (0x00000007873a9b70) thrown at [./src/hotspot/share/interpreter/linkResolver.cpp, line 773]

Events (20 events):
Event: 15.092 loading class sun/text/SupplementaryCharacterData done
Event: 15.092 loading class java/text/BreakIterator$BreakIteratorCache
Event: 15.092 loading class java/text/BreakIterator$BreakIteratorCache done
Event: 15.092 loading class java/text/StringCharacterIterator
Event: 15.092 loading class java/text/StringCharacterIterator done
Event: 17.611 Executing VM operation: RevokeBias
Event: 17.611 Executing VM operation: RevokeBias done
Event: 17.612 Loaded shared library /Users/valentina/.openjfx/cache/11/libprism_es2.dylib
Event: 17.647 loading class com/sun/scenario/effect/impl/prism/PrRenderInfo
Event: 17.647 loading class com/sun/scenario/effect/impl/prism/PrRenderInfo done
Event: 17.648 loading class com/sun/scenario/effect/ImageDataRenderer
Event: 17.648 loading class com/sun/scenario/effect/ImageDataRenderer done
Event: 17.654 Executing VM operation: RevokeBias
Event: 17.655 Executing VM operation: RevokeBias done
Event: 17.657 loading class com/sun/scenario/effect/impl/state/RenderState$EffectCoordinateSpace
Event: 17.657 loading class com/sun/scenario/effect/impl/state/RenderState$EffectCoordinateSpace done
Event: 17.657 loading class com/sun/javafx/sg/prism/NodeEffectInput$1
Event: 17.657 loading class com/sun/javafx/sg/prism/NodeEffectInput$1 done
Event: 17.659 loading class com/sun/scenario/effect/impl/state/BoxRenderState$1
Event: 17.659 loading class com/sun/scenario/effect/impl/state/BoxRenderState$1 done


Dynamic libraries:
0x00000001066bf000 	/Library/Java/JavaVirtualMachines/temurin-11.jdk/Contents/Home/lib/jli/libjli.dylib
0x00007ff834fb8000 	/System/Library/Frameworks/Cocoa.framework/Versions/A/Cocoa
0x00007ff820e29000 	/System/Library/Frameworks/AppKit.framework/Versions/C/AppKit
0x00007ff824325000 	/System/Library/Frameworks/CoreData.framework/Versions/A/CoreData
0x00007ff81f240000 	/System/Library/Frameworks/Foundation.framework/Versions/C/Foundation
0x00007ff8290ed000 	/usr/lib/libSystem.B.dylib
0x00007ff821cbb000 	/System/Library/PrivateFrameworks/UIFoundation.framework/Versions/A/UIFoundation
0x00007ff82ef64000 	/System/Library/PrivateFrameworks/RemoteViewServices.framework/Versions/A/RemoteViewServices
0x00007ff82734f000 	/System/Library/PrivateFrameworks/XCTTargetBootstrap.framework/Versions/A/XCTTargetBootstrap
0x00007ff82aefd000 	/System/Library/PrivateFrameworks/InternationalSupport.framework/Versions/A/InternationalSupport
0x00007ff82af87000 	/System/Library/PrivateFrameworks/UserActivity.framework/Versions/A/UserActivity
0x00007ff82a2dd000 	/usr/lib/libspindump.dylib
0x00007ff821f49000 	/System/Library/Frameworks/UniformTypeIdentifiers.framework/Versions/A/UniformTypeIdentifiers
0x00007ff825a88000 	/usr/lib/libapp_launch_measurement.dylib
0x00007ff824cf1000 	/System/Library/PrivateFrameworks/CoreAnalytics.framework/Versions/A/CoreAnalytics
0x00007ff825a8b000 	/System/Library/PrivateFrameworks/CoreAutoLayout.framework/Versions/A/CoreAutoLayout
0x00007ff826cab000 	/System/Library/Frameworks/Metal.framework/Versions/A/Metal
0x00007ff8279c5000 	/usr/lib/liblangid.dylib
0x00007ff827353000 	/System/Library/PrivateFrameworks/CoreSVG.framework/Versions/A/CoreSVG
0x00007ff823310000 	/System/Library/PrivateFrameworks/SkyLight.framework/Versions/A/SkyLight
0x00007ff8236a6000 	/System/Library/Frameworks/CoreGraphics.framework/Versions/A/CoreGraphics
0x00007ff82f5d3000 	/System/Library/Frameworks/Accelerate.framework/Versions/A/Accelerate
0x00007ff829d58000 	/System/Library/PrivateFrameworks/IconServices.framework/Versions/A/IconServices
0x00007ff826c90000 	/System/Library/Frameworks/IOSurface.framework/Versions/A/IOSurface
0x00007ff824d1f000 	/usr/lib/libDiagnosticMessagesClient.dylib
0x00007ff82900d000 	/usr/lib/libz.1.dylib
0x00007ff832c44000 	/System/Library/Frameworks/ApplicationServices.framework/Versions/A/ApplicationServices
0x00007ff82733b000 	/System/Library/PrivateFrameworks/DFRFoundation.framework/Versions/A/DFRFoundation
0x00007ff82071a000 	/usr/lib/libicucore.A.dylib
0x00007ff82bc22000 	/System/Library/Frameworks/AudioToolbox.framework/Versions/A/AudioToolbox
0x00007ff82af09000 	/System/Library/PrivateFrameworks/DataDetectorsCore.framework/Versions/A/DataDetectorsCore
0x00007ff926861000 	/System/Library/PrivateFrameworks/TextInput.framework/Versions/A/TextInput
0x00007ff823294000 	/usr/lib/libMobileGestalt.dylib
0x00007ff827043000 	/System/Library/Frameworks/Carbon.framework/Versions/A/Frameworks/HIToolbox.framework/Versions/A/HIToolbox
0x00007ff8254b5000 	/System/Library/Frameworks/QuartzCore.framework/Versions/A/QuartzCore
0x00007ff8203ba000 	/System/Library/Frameworks/Security.framework/Versions/A/Security
0x00007ff82ef9c000 	/System/Library/Frameworks/Carbon.framework/Versions/A/Frameworks/SpeechRecognition.framework/Versions/A/SpeechRecognition
0x00007ff8257e8000 	/System/Library/PrivateFrameworks/CoreUI.framework/Versions/A/CoreUI
0x00007ff81fc92000 	/System/Library/Frameworks/CoreAudio.framework/Versions/A/CoreAudio
0x00007ff824e0d000 	/System/Library/Frameworks/DiskArbitration.framework/Versions/A/DiskArbitration
0x00007ff82a6c4000 	/System/Library/PrivateFrameworks/MultitouchSupport.framework/Versions/A/MultitouchSupport
0x00007ff823293000 	/usr/lib/libenergytrace.dylib
0x00007ff820d15000 	/System/Library/Frameworks/IOKit.framework/Versions/A/IOKit
0x00007ff82f388000 	/System/Library/Frameworks/CoreServices.framework/Versions/A/CoreServices
0x00007ff825a22000 	/System/Library/PrivateFrameworks/PerformanceAnalysis.framework/Versions/A/PerformanceAnalysis
0x00007ffa36031000 	/System/Library/Frameworks/OpenGL.framework/Versions/A/OpenGL
0x00007ff82863a000 	/System/Library/PrivateFrameworks/MobileKeyBag.framework/Versions/A/MobileKeyBag
0x00007ff81e201000 	/usr/lib/libobjc.A.dylib
0x00007ff823d72000 	/System/Library/Frameworks/ColorSync.framework/Versions/A/ColorSync
0x00007ff81e3ba000 	/System/Library/Frameworks/CoreFoundation.framework/Versions/A/CoreFoundation
0x00007ff8275cc000 	/System/Library/Frameworks/CoreImage.framework/Versions/A/CoreImage
0x00007ff81faa8000 	/System/Library/Frameworks/CoreText.framework/Versions/A/CoreText
0x00007ff827382000 	/System/Library/Frameworks/ImageIO.framework/Versions/A/ImageIO
0x00007ff8290f3000 	/System/Library/PrivateFrameworks/SoftLinking.framework/Versions/A/SoftLinking
0x00007ff825ad3000 	/usr/lib/libxml2.2.dylib
0x00007ff81e2c7000 	/usr/lib/libc++.1.dylib
0x00007ff829377000 	/usr/lib/libcompression.dylib
0x00007ff82ae33000 	/System/Library/PrivateFrameworks/TextureIO.framework/Versions/A/TextureIO
0x00007ff829a6a000 	/usr/lib/libate.dylib
0x00007ff8290e8000 	/usr/lib/system/libcache.dylib
0x00007ff8290a4000 	/usr/lib/system/libcommonCrypto.dylib
0x00007ff8290cd000 	/usr/lib/system/libcompiler_rt.dylib
0x00007ff8290c3000 	/usr/lib/system/libcopyfile.dylib
0x00007ff81e0fb000 	/usr/lib/system/libcorecrypto.dylib
0x00007ff81e1ba000 	/usr/lib/system/libdispatch.dylib
0x00007ff81e379000 	/usr/lib/system/libdyld.dylib
0x00007ff8290df000 	/usr/lib/system/libkeymgr.dylib
0x00007ff829082000 	/usr/lib/system/libmacho.dylib
0x00007ff82870e000 	/usr/lib/system/libquarantine.dylib
0x00007ff8290dd000 	/usr/lib/system/libremovefile.dylib
0x00007ff8232e0000 	/usr/lib/system/libsystem_asl.dylib
0x00007ff81e0a9000 	/usr/lib/system/libsystem_blocks.dylib
0x00007ff81e23e000 	/usr/lib/system/libsystem_c.dylib
0x00007ff8290d5000 	/usr/lib/system/libsystem_collections.dylib
0x00007ff8279b6000 	/usr/lib/system/libsystem_configuration.dylib
0x00007ff826c73000 	/usr/lib/system/libsystem_containermanager.dylib
0x00007ff828dbf000 	/usr/lib/system/libsystem_coreservices.dylib
0x00007ff8209a3000 	/usr/lib/system/libsystem_darwin.dylib
0x00007ff8290e0000 	/usr/lib/system/libsystem_dnssd.dylib
0x00007ff81e23b000 	/usr/lib/system/libsystem_featureflags.dylib
0x00007ff81e38f000 	/usr/lib/system/libsystem_info.dylib
0x00007ff829020000 	/usr/lib/system/libsystem_m.dylib
0x00007ff81e18e000 	/usr/lib/system/libsystem_malloc.dylib
0x00007ff82327d000 	/usr/lib/system/libsystem_networkextension.dylib
0x00007ff820dcb000 	/usr/lib/system/libsystem_notify.dylib
0x00007ff82f25d000 	/usr/lib/system/libsystem_product_info_filter.dylib
0x00007ff8279ba000 	/usr/lib/system/libsystem_sandbox.dylib
0x00007ff8290da000 	/usr/lib/system/libsystem_secinit.dylib
0x00007ff81e336000 	/usr/lib/system/libsystem_kernel.dylib
0x00007ff81e385000 	/usr/lib/system/libsystem_platform.dylib
0x00007ff81e36d000 	/usr/lib/system/libsystem_pthread.dylib
0x00007ff824b38000 	/usr/lib/system/libsystem_symptoms.dylib
0x00007ff81e0e2000 	/usr/lib/system/libsystem_trace.dylib
0x00007ff8290b0000 	/usr/lib/system/libunwind.dylib
0x00007ff81e0ab000 	/usr/lib/system/libxpc.dylib
0x00007ff81e320000 	/usr/lib/libc++abi.dylib
0x00007ff8290bb000 	/usr/lib/liboah.dylib
0x00007ff829848000 	/usr/lib/liblzma.5.dylib
0x00007ff81ef51000 	/System/Library/Frameworks/SystemConfiguration.framework/Versions/A/SystemConfiguration
0x00007ff8290ef000 	/usr/lib/libfakelink.dylib
0x00007ff822de6000 	/System/Library/Frameworks/CFNetwork.framework/Versions/A/CFNetwork
0x00007ff82922e000 	/usr/lib/libarchive.2.dylib
0x00007ff8279c1000 	/System/Library/PrivateFrameworks/AppleSystemInfo.framework/Versions/A/AppleSystemInfo
0x00007ff828735000 	/usr/lib/libbsm.0.dylib
0x00007ff82241c000 	/usr/lib/libnetwork.dylib
0x00007ff829088000 	/usr/lib/system/libkxld.dylib
0x00007ff828363000 	/System/Library/PrivateFrameworks/IOMobileFramebuffer.framework/Versions/A/IOMobileFramebuffer
0x00007ffb33e56000 	/usr/lib/libCoreEntitlements.dylib
0x00007ff828da1000 	/System/Library/PrivateFrameworks/AppleFSCompression.framework/Versions/A/AppleFSCompression
0x00007ff82871d000 	/usr/lib/libcoretls.dylib
0x00007ff829862000 	/usr/lib/libcoretls_cfhelpers.dylib
0x00007ff829372000 	/usr/lib/libpam.2.dylib
0x00007ff82475a000 	/usr/lib/libsqlite3.dylib
0x00007ff8298d1000 	/usr/lib/libxar.1.dylib
0x00007ff828db1000 	/usr/lib/libbz2.1.0.dylib
0x00007ff8290f4000 	/usr/lib/libpcap.A.dylib
0x00007ff824b2f000 	/usr/lib/libdns_services.dylib
0x00007ff829341000 	/usr/lib/libapple_nghttp2.dylib
0x00007ff82912b000 	/usr/lib/libiconv.2.dylib
0x00007ff829081000 	/usr/lib/libcharset.1.dylib
0x00007ff825a56000 	/System/Library/Frameworks/CoreServices.framework/Versions/A/Frameworks/FSEvents.framework/Versions/A/FSEvents
0x00007ff8209ad000 	/System/Library/Frameworks/CoreServices.framework/Versions/A/Frameworks/CarbonCore.framework/Versions/A/CarbonCore
0x00007ff824d72000 	/System/Library/Frameworks/CoreServices.framework/Versions/A/Frameworks/Metadata.framework/Versions/A/Metadata
0x00007ff828dc4000 	/System/Library/Frameworks/CoreServices.framework/Versions/A/Frameworks/OSServices.framework/Versions/A/OSServices
0x00007ff8292b5000 	/System/Library/Frameworks/CoreServices.framework/Versions/A/Frameworks/SearchKit.framework/Versions/A/SearchKit
0x00007ff824ac1000 	/System/Library/Frameworks/CoreServices.framework/Versions/A/Frameworks/AE.framework/Versions/A/AE
0x00007ff81e8bd000 	/System/Library/Frameworks/CoreServices.framework/Versions/A/Frameworks/LaunchServices.framework/Versions/A/LaunchServices
0x00007ff8297f9000 	/System/Library/Frameworks/CoreServices.framework/Versions/A/Frameworks/DictionaryServices.framework/Versions/A/DictionaryServices
0x00007ff825a63000 	/System/Library/Frameworks/CoreServices.framework/Versions/A/Frameworks/SharedFileList.framework/Versions/A/SharedFileList
0x00007ff828711000 	/usr/lib/libCheckFix.dylib
0x00007ff8232f7000 	/System/Library/PrivateFrameworks/TCC.framework/Versions/A/TCC
0x00007ff8279c7000 	/System/Library/PrivateFrameworks/CoreNLP.framework/Versions/A/CoreNLP
0x00007ff824d22000 	/System/Library/PrivateFrameworks/MetadataUtilities.framework/Versions/A/MetadataUtilities
0x00007ff81f001000 	/usr/lib/libmecabra.dylib
0x00007ff828745000 	/usr/lib/libmecab.dylib
0x00007ff81efcc000 	/usr/lib/libCRFSuite.dylib
0x00007ff8287a2000 	/usr/lib/libgermantok.dylib
0x00007ff82931c000 	/usr/lib/libThaiTokenizer.dylib
0x00007ff824e14000 	/System/Library/Frameworks/Accelerate.framework/Versions/A/Frameworks/vImage.framework/Versions/A/vImage
0x00007ff82f35f000 	/System/Library/Frameworks/Accelerate.framework/Versions/A/Frameworks/vecLib.framework/Versions/A/vecLib
0x00007ff829912000 	/System/Library/Frameworks/Accelerate.framework/Versions/A/Frameworks/vecLib.framework/Versions/A/libvMisc.dylib
0x00007ff828181000 	/System/Library/Frameworks/Accelerate.framework/Versions/A/Frameworks/vecLib.framework/Versions/A/libvDSP.dylib
0x00007ff81ec35000 	/System/Library/Frameworks/Accelerate.framework/Versions/A/Frameworks/vecLib.framework/Versions/A/libBLAS.dylib
0x00007ff829453000 	/System/Library/Frameworks/Accelerate.framework/Versions/A/Frameworks/vecLib.framework/Versions/A/libLAPACK.dylib
0x00007ff8287a5000 	/System/Library/Frameworks/Accelerate.framework/Versions/A/Frameworks/vecLib.framework/Versions/A/libLinearAlgebra.dylib
0x00007ff82935a000 	/System/Library/Frameworks/Accelerate.framework/Versions/A/Frameworks/vecLib.framework/Versions/A/libSparseBLAS.dylib
0x00007ff82944d000 	/System/Library/Frameworks/Accelerate.framework/Versions/A/Frameworks/vecLib.framework/Versions/A/libQuadrature.dylib
0x00007ff827ab1000 	/System/Library/Frameworks/Accelerate.framework/Versions/A/Frameworks/vecLib.framework/Versions/A/libBNNS.dylib
0x00007ff81eee2000 	/System/Library/Frameworks/Accelerate.framework/Versions/A/Frameworks/vecLib.framework/Versions/A/libSparse.dylib
0x00007ff827aaa000 	/System/Library/PrivateFrameworks/LinguisticData.framework/Versions/A/LinguisticData
0x00007ff81ee97000 	/System/Library/PrivateFrameworks/Lexicon.framework/Versions/A/Lexicon
0x00007ff82990b000 	/usr/lib/libChineseTokenizer.dylib
0x00007ff81f5fb000 	/System/Library/PrivateFrameworks/LanguageModeling.framework/Versions/A/LanguageModeling
0x00007ff82931e000 	/System/Library/PrivateFrameworks/AppleSauce.framework/Versions/A/AppleSauce
0x00007ff828351000 	/System/Library/PrivateFrameworks/CoreEmoji.framework/Versions/A/CoreEmoji
0x00007ff82921d000 	/usr/lib/libcmph.dylib
0x00007ff825a3a000 	/System/Library/Frameworks/OpenDirectory.framework/Versions/A/Frameworks/CFOpenDirectory.framework/Versions/A/CFOpenDirectory
0x00007ff825a2e000 	/System/Library/Frameworks/OpenDirectory.framework/Versions/A/OpenDirectory
0x00007ff829864000 	/System/Library/PrivateFrameworks/APFS.framework/Versions/A/APFS
0x00007ff828672000 	/System/Library/Frameworks/SecurityFoundation.framework/Versions/A/SecurityFoundation
0x00007ff8298df000 	/usr/lib/libutil.dylib
0x00007ff820cd8000 	/System/Library/PrivateFrameworks/CoreServicesStore.framework/Versions/A/CoreServicesStore
0x00007ff8298e3000 	/usr/lib/libxslt.1.dylib
0x00007ff8286ff000 	/System/Library/PrivateFrameworks/BackgroundTaskManagement.framework/Versions/A/BackgroundTaskManagement
0x00007ff82ad53000 	/System/Library/Frameworks/ImageIO.framework/Versions/A/Resources/libRadiance.dylib
0x00007ff82ad5c000 	/System/Library/Frameworks/ImageIO.framework/Versions/A/Resources/libJPEG.dylib
0x00007ff82acac000 	/System/Library/Frameworks/ImageIO.framework/Versions/A/Resources/libPng.dylib
0x00007ff82accd000 	/System/Library/Frameworks/ImageIO.framework/Versions/A/Resources/libTIFF.dylib
0x00007ff82adbc000 	/System/Library/Frameworks/ImageIO.framework/Versions/A/Resources/libGIF.dylib
0x00007ff82a5dd000 	/System/Library/Frameworks/ImageIO.framework/Versions/A/Resources/libJP2.dylib
0x00007ff829d1f000 	/usr/lib/libexpat.1.dylib
0x00007ff82a592000 	/System/Library/PrivateFrameworks/AppleJPEG.framework/Versions/A/AppleJPEG
0x00007ff826f06000 	/System/Library/PrivateFrameworks/FontServices.framework/libFontParser.dylib
0x00007ff824a6b000 	/System/Library/PrivateFrameworks/RunningBoardServices.framework/Versions/A/RunningBoardServices
0x00007ff835534000 	/System/Library/PrivateFrameworks/IOSurfaceAccelerator.framework/Versions/A/IOSurfaceAccelerator
0x00007ff82a6c0000 	/System/Library/PrivateFrameworks/WatchdogClient.framework/Versions/A/WatchdogClient
0x00007ff81f6ea000 	/System/Library/Frameworks/CoreDisplay.framework/Versions/A/CoreDisplay
0x00007ff826e05000 	/System/Library/Frameworks/CoreMedia.framework/Versions/A/CoreMedia
0x00007ff826ca2000 	/System/Library/PrivateFrameworks/IOAccelerator.framework/Versions/A/IOAccelerator
0x00007ff825bb6000 	/System/Library/Frameworks/CoreVideo.framework/Versions/A/CoreVideo
0x00007ff829370000 	/System/Library/Frameworks/MetalPerformanceShaders.framework/Versions/A/MetalPerformanceShaders
0x00007ff82a6fb000 	/System/Library/Frameworks/VideoToolbox.framework/Versions/A/VideoToolbox
0x00007ff8249b3000 	/System/Library/PrivateFrameworks/BaseBoard.framework/Versions/A/BaseBoard
0x00007ff824740000 	/System/Library/PrivateFrameworks/ProtocolBuffer.framework/Versions/A/ProtocolBuffer
0x00007ff82ad4c000 	/System/Library/PrivateFrameworks/GPUWrangler.framework/Versions/A/GPUWrangler
0x00007ff82ad2f000 	/System/Library/PrivateFrameworks/IOPresentment.framework/Versions/A/IOPresentment
0x00007ff82ad56000 	/System/Library/PrivateFrameworks/DSExternalDisplay.framework/Versions/A/DSExternalDisplay
0x00007ffa36025000 	/System/Library/Frameworks/OpenGL.framework/Versions/A/Libraries/libCoreFSCache.dylib
0x00007ffb220c6000 	/System/Library/PrivateFrameworks/GPUCompiler.framework/Versions/31001/Libraries/libGPUCompilerUtils.dylib
0x00007ff82adc1000 	/System/Library/PrivateFrameworks/CMCaptureCore.framework/Versions/A/CMCaptureCore
0x00007ff82a2cb000 	/System/Library/PrivateFrameworks/AppServerSupport.framework/Versions/A/AppServerSupport
0x00007ff82c4a8000 	/System/Library/PrivateFrameworks/perfdata.framework/Versions/A/perfdata
0x00007ff81f816000 	/System/Library/PrivateFrameworks/AudioToolboxCore.framework/Versions/A/AudioToolboxCore
0x00007ff826de2000 	/System/Library/PrivateFrameworks/caulk.framework/Versions/A/caulk
0x00007ff82bdcc000 	/usr/lib/libAudioStatistics.dylib
0x00007ff9230ef000 	/System/Library/PrivateFrameworks/SystemPolicy.framework/Versions/A/SystemPolicy
0x00007ff82c021000 	/usr/lib/libSMC.dylib
0x00007ff834e6b000 	/System/Library/Frameworks/CoreMIDI.framework/Versions/A/CoreMIDI
0x00007ff82ac7c000 	/usr/lib/libAudioToolboxUtility.dylib
0x00007ff91f501000 	/System/Library/PrivateFrameworks/OSAServicesClient.framework/Versions/A/OSAServicesClient
0x00007ff82c4b5000 	/usr/lib/libperfcheck.dylib
0x00007ff923b81000 	/usr/lib/libmis.dylib
0x00007ffa36081000 	/System/Library/Frameworks/OpenGL.framework/Versions/A/Libraries/libGLU.dylib
0x00007ffa36044000 	/System/Library/Frameworks/OpenGL.framework/Versions/A/Libraries/libGFXShared.dylib
0x00007ffa36252000 	/System/Library/Frameworks/OpenGL.framework/Versions/A/Libraries/libGL.dylib
0x00007ffa3604d000 	/System/Library/Frameworks/OpenGL.framework/Versions/A/Libraries/libGLImage.dylib
0x00007ffa36041000 	/System/Library/Frameworks/OpenGL.framework/Versions/A/Libraries/libCVMSPluginSupport.dylib
0x00007ffa3602c000 	/System/Library/Frameworks/OpenGL.framework/Versions/A/Libraries/libCoreVMClient.dylib
0x00007ff827945000 	/System/Library/Frameworks/MetalPerformanceShaders.framework/Versions/A/Frameworks/MPSCore.framework/Versions/A/MPSCore
0x00007ff828d0c000 	/System/Library/Frameworks/MetalPerformanceShaders.framework/Versions/A/Frameworks/MPSImage.framework/Versions/A/MPSImage
0x00007ff8287bb000 	/System/Library/Frameworks/MetalPerformanceShaders.framework/Versions/A/Frameworks/MPSNeuralNetwork.framework/Versions/A/MPSNeuralNetwork
0x00007ff828c30000 	/System/Library/Frameworks/MetalPerformanceShaders.framework/Versions/A/Frameworks/MPSMatrix.framework/Versions/A/MPSMatrix
0x00007ff8289ec000 	/System/Library/Frameworks/MetalPerformanceShaders.framework/Versions/A/Frameworks/MPSRayIntersector.framework/Versions/A/MPSRayIntersector
0x00007ff828c69000 	/System/Library/Frameworks/MetalPerformanceShaders.framework/Versions/A/Frameworks/MPSNDArray.framework/Versions/A/MPSNDArray
0x00007ffa3ac46000 	/System/Library/Frameworks/MetalPerformanceShaders.framework/Versions/A/Frameworks/MPSFunctions.framework/Versions/A/MPSFunctions
0x00007ff81eb18000 	/System/Library/PrivateFrameworks/MetalTools.framework/Versions/A/MetalTools
0x00007ff8279bf000 	/System/Library/PrivateFrameworks/AggregateDictionary.framework/Versions/A/AggregateDictionary
0x00007ff829b01000 	/usr/lib/libIOReport.dylib
0x00007ffa37661000 	/System/Library/Frameworks/OpenCL.framework/Versions/A/OpenCL
0x00007ff829e65000 	/System/Library/PrivateFrameworks/FaceCore.framework/Versions/A/FaceCore
0x00007ff829e56000 	/System/Library/PrivateFrameworks/GraphVisualizer.framework/Versions/A/GraphVisualizer
0x00007ffb21fd1000 	/System/Library/PrivateFrameworks/FontServices.framework/Versions/A/FontServices
0x00007ff82a282000 	/System/Library/PrivateFrameworks/OTSVG.framework/Versions/A/OTSVG
0x00007ff82579e000 	/System/Library/Frameworks/ApplicationServices.framework/Versions/A/Frameworks/ATS.framework/Versions/A/Resources/libFontRegistry.dylib
0x00007ff82a2d3000 	/System/Library/PrivateFrameworks/FontServices.framework/libhvf.dylib
0x00007ffb21fd2000 	/System/Library/PrivateFrameworks/FontServices.framework/libXTFontStaticRegistryData.dylib
0x00007ff829ccf000 	/System/Library/PrivateFrameworks/AppleVA.framework/Versions/A/AppleVA
0x00007ff82bdf0000 	/System/Library/Frameworks/ApplicationServices.framework/Versions/A/Frameworks/ATS.framework/Versions/A/ATS
0x00007ff823e6e000 	/System/Library/Frameworks/ApplicationServices.framework/Versions/A/Frameworks/HIServices.framework/Versions/A/HIServices
0x00007ff82adcb000 	/System/Library/Frameworks/ApplicationServices.framework/Versions/A/Frameworks/PrintCore.framework/Versions/A/PrintCore
0x00007ff82c174000 	/System/Library/Frameworks/ApplicationServices.framework/Versions/A/Frameworks/QD.framework/Versions/A/QD
0x00007ff82c16c000 	/System/Library/Frameworks/ApplicationServices.framework/Versions/A/Frameworks/ColorSyncLegacy.framework/Versions/A/ColorSyncLegacy
0x00007ff82bde0000 	/System/Library/Frameworks/ApplicationServices.framework/Versions/A/Frameworks/SpeechSynthesis.framework/Versions/A/SpeechSynthesis
0x00007ff82ad8c000 	/System/Library/Frameworks/ApplicationServices.framework/Versions/A/Frameworks/ATSUI.framework/Versions/A/ATSUI
0x00007ff82c101000 	/usr/lib/libcups.2.dylib
0x00007ff82c4c4000 	/System/Library/Frameworks/Kerberos.framework/Versions/A/Kerberos
0x00007ff82c4d3000 	/System/Library/Frameworks/GSS.framework/Versions/A/GSS
0x00007ff82be5c000 	/usr/lib/libresolv.9.dylib
0x00007ff82a2e2000 	/System/Library/PrivateFrameworks/Heimdal.framework/Versions/A/Heimdal
0x00007ff832fc1000 	/System/Library/Frameworks/Kerberos.framework/Versions/A/Libraries/libHeimdalProxy.dylib
0x00007ff824b40000 	/System/Library/Frameworks/Network.framework/Versions/A/Network
0x00007ff829d39000 	/usr/lib/libheimdal-asn1.dylib
0x00007ff82c51f000 	/System/Library/PrivateFrameworks/CommonAuth.framework/Versions/A/CommonAuth
0x00007ff82bd5d000 	/System/Library/PrivateFrameworks/AudioSession.framework/Versions/A/AudioSession
0x00007ff829dc9000 	/System/Library/PrivateFrameworks/MediaExperience.framework/Versions/A/MediaExperience
0x00007ff82bbf1000 	/System/Library/PrivateFrameworks/AudioSession.framework/libSessionUtility.dylib
0x00007ff82c180000 	/System/Library/PrivateFrameworks/AudioResourceArbitration.framework/Versions/A/AudioResourceArbitration
0x00007ff830172000 	/System/Library/PrivateFrameworks/PowerLog.framework/Versions/A/PowerLog
0x00007ff829d42000 	/System/Library/PrivateFrameworks/IconFoundation.framework/Versions/A/IconFoundation
0x00007ff82ef8c000 	/System/Library/PrivateFrameworks/SpeechRecognitionCore.framework/Versions/A/SpeechRecognitionCore
0x0000000107486000 	/Library/Java/JavaVirtualMachines/temurin-11.jdk/Contents/Home/lib/server/libjvm.dylib
0x00000001066ee000 	/Library/Java/JavaVirtualMachines/temurin-11.jdk/Contents/Home/lib/libverify.dylib
0x000000010672b000 	/Library/Java/JavaVirtualMachines/temurin-11.jdk/Contents/Home/lib/libjava.dylib
0x00000001066ff000 	/Library/Java/JavaVirtualMachines/temurin-11.jdk/Contents/Home/lib/libjimage.dylib
0x0000000106718000 	/Library/Java/JavaVirtualMachines/temurin-11.jdk/Contents/Home/lib/libzip.dylib
0x00000001071d1000 	/Library/Java/JavaVirtualMachines/temurin-11.jdk/Contents/Home/lib/libnio.dylib
0x00000001071fd000 	/Library/Java/JavaVirtualMachines/temurin-11.jdk/Contents/Home/lib/libnet.dylib
0x00000001071e4000 	/Users/valentina/.openjfx/cache/11/libprism_es2.dylib
0x00007ff820c99000 	/System/Library/PrivateFrameworks/CoreServicesInternal.framework/Versions/A/CoreServicesInternal
0x00007ffa3625d000 	/System/Library/Frameworks/OpenGL.framework/Versions/A/Resources/GLEngine.bundle/GLEngine
0x00007ffa360bf000 	/System/Library/Frameworks/OpenGL.framework/Versions/A/Libraries/libGLProgrammability.dylib
0x00007ffa2dd91000 	/System/Library/Extensions/AppleIntelBDWGraphicsGLDriver.bundle/Contents/MacOS/AppleIntelBDWGraphicsGLDriver
0x00007ff92da65000 	/System/Library/PrivateFrameworks/GPUSupport.framework/Versions/A/Libraries/libGPUSupportMercury.dylib
0x00007ffa363ec000 	/System/Library/Frameworks/OpenGL.framework/Versions/A/Resources/GLRendererFloat.bundle/GLRendererFloat
0x0000000115816000 	/Users/valentina/.openjfx/cache/11/libglass.dylib
0x00007ff830763000 	/System/Library/Frameworks/FileProvider.framework/Versions/A/FileProvider
0x00007ff82491f000 	/System/Library/Frameworks/Accounts.framework/Versions/A/Accounts
0x00007ff8308db000 	/System/Library/PrivateFrameworks/GenerationalStorage.framework/Versions/A/GenerationalStorage
0x00007ff8313ed000 	/System/Library/PrivateFrameworks/CoreSymbolication.framework/Versions/A/CoreSymbolication
0x00007ff830167000 	/System/Library/PrivateFrameworks/SymptomDiagnosticReporter.framework/Versions/A/SymptomDiagnosticReporter
0x00007ff821f5d000 	/System/Library/PrivateFrameworks/DesktopServicesPriv.framework/Versions/A/DesktopServicesPriv
0x00007ff820dda000 	/usr/lib/libsandbox.1.dylib
0x00007ff825c35000 	/System/Library/PrivateFrameworks/UserManagement.framework/Versions/A/UserManagement
0x00007ff8313b2000 	/System/Library/PrivateFrameworks/DebugSymbols.framework/Versions/A/DebugSymbols
0x00007ff82c161000 	/System/Library/PrivateFrameworks/NetAuth.framework/Versions/A/NetAuth
0x00007ff82d050000 	/System/Library/PrivateFrameworks/Sharing.framework/Versions/A/Sharing
0x00007ff825c08000 	/System/Library/PrivateFrameworks/login.framework/Versions/A/Frameworks/loginsupport.framework/Versions/A/loginsupport
0x00007ff8324f3000 	/System/Library/PrivateFrameworks/Apple80211.framework/Versions/A/Apple80211
0x00007ff828df1000 	/System/Library/PrivateFrameworks/AuthKit.framework/Versions/A/AuthKit
0x00007ff828447000 	/System/Library/PrivateFrameworks/CoreUtils.framework/Versions/A/CoreUtils
0x00007ff82836e000 	/System/Library/Frameworks/CoreWLAN.framework/Versions/A/CoreWLAN
0x00007ff82d1ab000 	/System/Library/Frameworks/IOBluetooth.framework/Versions/A/IOBluetooth
0x00007ff83255b000 	/System/Library/PrivateFrameworks/CoreWiFi.framework/Versions/A/CoreWiFi
0x00007ff830f87000 	/System/Library/PrivateFrameworks/FrontBoardServices.framework/Versions/A/FrontBoardServices
0x00007ff831019000 	/System/Library/PrivateFrameworks/BoardServices.framework/Versions/A/BoardServices
0x00007ff828661000 	/System/Library/PrivateFrameworks/AssertionServices.framework/Versions/A/AssertionServices
0x00007ff8326df000 	/System/Library/PrivateFrameworks/BackBoardServices.framework/Versions/A/BackBoardServices
0x00007ff82c5ae000 	/System/Library/PrivateFrameworks/CorePhoneNumbers.framework/Versions/A/CorePhoneNumbers
0x00007ff830284000 	/System/Library/PrivateFrameworks/DiskManagement.framework/Versions/A/DiskManagement
0x00007ff830198000 	/System/Library/PrivateFrameworks/AppleIDAuthSupport.framework/Versions/A/AppleIDAuthSupport
0x00007ffa3cbff000 	/System/Library/PrivateFrameworks/AAAFoundation.framework/Versions/A/AAAFoundation
0x00007ff82c58f000 	/System/Library/PrivateFrameworks/KeychainCircle.framework/Versions/A/KeychainCircle
0x00007ff830250000 	/System/Library/PrivateFrameworks/MediaKit.framework/Versions/A/MediaKit
0x00007ff8301a4000 	/System/Library/Frameworks/DiscRecording.framework/Versions/A/DiscRecording
0x00007ff829c47000 	/usr/lib/libCoreStorage.dylib
0x00007ff8329ce000 	/usr/lib/libcsfde.dylib
0x00007ff82d278000 	/System/Library/PrivateFrameworks/ProtectedCloudStorage.framework/Versions/A/ProtectedCloudStorage
0x00007ff8329ca000 	/System/Library/PrivateFrameworks/EFILogin.framework/Versions/A/EFILogin
0x00007ff830901000 	/System/Library/PrivateFrameworks/OctagonTrust.framework/Versions/A/OctagonTrust
0x00007ffb212f3000 	/System/Library/PrivateFrameworks/CoreUtilsExtras.framework/Versions/A/CoreUtilsExtras
0x00007ff8300da000 	/System/Library/Frameworks/CoreBluetooth.framework/Versions/A/CoreBluetooth
0x00007ff833046000 	/System/Library/Frameworks/AudioUnit.framework/Versions/A/AudioUnit
0x00007ff829c3f000 	/usr/lib/libMatch.1.dylib
0x00007ff927fe5000 	/System/Library/Frameworks/Accelerate.framework/Versions/A/Frameworks/vImage.framework/Versions/A/Libraries/libCGInterfaces.dylib
0x0000000129dd4000 	/usr/lib/libobjc-trampolines.dylib
0x00007ff82592e000 	/System/Library/PrivateFrameworks/ViewBridge.framework/Versions/A/ViewBridge
0x00007ffb33f68000 	/usr/lib/libRosetta.dylib
0x000000012c24e000 	/Users/valentina/.openjfx/cache/11/libjavafx_font.dylib
0x00007ff82a39c000 	/System/Library/PrivateFrameworks/login.framework/Versions/A/login
0x00007ff82f657000 	/System/Library/PrivateFrameworks/SystemAdministration.framework/Versions/A/SystemAdministration
0x00007ff82aff3000 	/System/Library/Frameworks/MediaToolbox.framework/Versions/A/MediaToolbox
0x00007ff82ef58000 	/System/Library/Frameworks/DirectoryService.framework/Versions/A/DirectoryService
0x00007ff83286c000 	/System/Library/PrivateFrameworks/DiskImages.framework/Versions/A/DiskImages
0x00007ff828709000 	/System/Library/Frameworks/ServiceManagement.framework/Versions/A/ServiceManagement
0x00007ff832a46000 	/System/Library/PrivateFrameworks/LoginUIKit.framework/Versions/A/Frameworks/LoginUICore.framework/Versions/A/LoginUICore
0x00007ff82a54a000 	/usr/lib/libodfde.dylib
0x00007ff830733000 	/System/Library/PrivateFrameworks/CoreAVCHD.framework/Versions/A/CoreAVCHD
0x00007ff82f61b000 	/System/Library/Frameworks/MediaAccessibility.framework/Versions/A/MediaAccessibility
0x00007ff83072f000 	/System/Library/PrivateFrameworks/Mangrove.framework/Versions/A/Mangrove
0x00007ff82f626000 	/System/Library/PrivateFrameworks/AlgosScoreFramework.framework/Versions/A/AlgosScoreFramework
0x00007ffb1e738000 	/System/Library/PrivateFrameworks/CMPhoto.framework/Versions/A/CMPhoto
0x00007ff831288000 	/System/Library/PrivateFrameworks/AppleVPA.framework/Versions/A/AppleVPA
0x00007ff830374000 	/System/Library/PrivateFrameworks/CoreAUC.framework/Versions/A/CoreAUC
0x00007ff8329da000 	/usr/lib/libcurl.4.dylib
0x00007ff832737000 	/usr/lib/libcrypto.44.dylib
0x00007ff83283f000 	/usr/lib/libssl.46.dylib
0x00007ff8326fd000 	/System/Library/Frameworks/LDAP.framework/Versions/A/LDAP
0x00007ff832735000 	/System/Library/PrivateFrameworks/TrustEvaluationAgent.framework/Versions/A/TrustEvaluationAgent
0x00007ff82be75000 	/usr/lib/libsasl2.2.dylib
0x00007ff82f64b000 	/System/Library/PrivateFrameworks/CoreDaemon.framework/Versions/B/CoreDaemon
0x00007ff82f646000 	/System/Library/PrivateFrameworks/AppleSRP.framework/Versions/A/AppleSRP
0x000000012cfa1000 	/Library/Java/JavaVirtualMachines/temurin-11.jdk/Contents/Home/lib/libextnet.dylib


VM Arguments:
jvm_args: -Dfile.encoding=UTF-8 
java_command: it.polito.tdp.anagrammi.Main
java_class_path (initial): /Users/valentina/git/Lab05/target/classes:/Users/valentina/.m2/repository/org/openjfx/javafx-controls/11/javafx-controls-11.jar:/Users/valentina/.m2/repository/org/openjfx/javafx-controls/11/javafx-controls-11-mac.jar:/Users/valentina/.m2/repository/org/openjfx/javafx-graphics/11/javafx-graphics-11.jar:/Users/valentina/.m2/repository/org/openjfx/javafx-graphics/11/javafx-graphics-11-mac.jar:/Users/valentina/.m2/repository/org/openjfx/javafx-base/11/javafx-base-11.jar:/Users/valentina/.m2/repository/org/openjfx/javafx-base/11/javafx-base-11-mac.jar:/Users/valentina/.m2/repository/org/openjfx/javafx-fxml/11/javafx-fxml-11.jar:/Users/valentina/.m2/repository/org/openjfx/javafx-fxml/11/javafx-fxml-11-mac.jar:/Users/valentina/.m2/repository/com/zaxxer/HikariCP/3.4.2/HikariCP-3.4.2.jar:/Users/valentina/.m2/repository/org/jgrapht/jgrapht-core/1.4.0/jgrapht-core-1.4.0.jar:/Users/valentina/.m2/repository/org/jheaps/jheaps/0.11/jheaps-0.11.jar:/Users/valentina/.m2/repository/org/mariadb/jdbc/mariadb-java-client/2.5.4/mariadb-java-client-2.5.4.jar:/Users/valentina/.m2/repository/org/slf4j/slf4j-api/1.7.30/slf4j-api-1.7.30.jar
Launcher Type: SUN_STANDARD

[Global flags]
     intx CICompilerCount                          = 3                                         {product} {ergonomic}
     uint ConcGCThreads                            = 1                                         {product} {ergonomic}
     uint G1ConcRefinementThreads                  = 4                                         {product} {ergonomic}
   size_t G1HeapRegionSize                         = 1048576                                   {product} {ergonomic}
    uintx GCDrainStackTargetSize                   = 64                                        {product} {ergonomic}
   size_t InitialHeapSize                          = 134217728                                 {product} {ergonomic}
   size_t MarkStackSize                            = 4194304                                   {product} {ergonomic}
   size_t MaxHeapSize                              = 2147483648                                {product} {ergonomic}
   size_t MaxNewSize                               = 1287651328                                {product} {ergonomic}
   size_t MinHeapDeltaBytes                        = 1048576                                   {product} {ergonomic}
    uintx NonNMethodCodeHeapSize                   = 5830732                                {pd product} {ergonomic}
    uintx NonProfiledCodeHeapSize                  = 122913754                              {pd product} {ergonomic}
    uintx ProfiledCodeHeapSize                     = 122913754                              {pd product} {ergonomic}
    uintx ReservedCodeCacheSize                    = 251658240                              {pd product} {ergonomic}
     bool SegmentedCodeCache                       = true                                      {product} {ergonomic}
     bool UseCompressedClassPointers               = true                                 {lp64_product} {ergonomic}
     bool UseCompressedOops                        = true                                 {lp64_product} {ergonomic}
     bool UseG1GC                                  = true                                      {product} {ergonomic}

Logging:
Log output configuration:
 #0: stdout all=warning uptime,level,tags
 #1: stderr all=off uptime,level,tags

Environment Variables:
PATH=/usr/bin:/bin:/usr/sbin:/sbin
SHELL=/bin/bash

Signal Handlers:
SIGSEGV: [libjvm.dylib+0x7c69d4], sa_mask[0]=11111111011111110111111111111111, sa_flags=SA_ONSTACK|SA_RESTART|SA_SIGINFO
SIGBUS: [libjvm.dylib+0x7c69d4], sa_mask[0]=11111111011111110111111111111111, sa_flags=SA_RESTART|SA_SIGINFO
SIGFPE: [libjvm.dylib+0x7c69d4], sa_mask[0]=11111111011111110111111111111111, sa_flags=SA_RESTART|SA_SIGINFO
SIGPIPE: [libjvm.dylib+0x62b2ae], sa_mask[0]=11111111011111110111111111111111, sa_flags=SA_RESTART|SA_SIGINFO
SIGXFSZ: [libjvm.dylib+0x62b2ae], sa_mask[0]=11111111011111110111111111111111, sa_flags=SA_RESTART|SA_SIGINFO
SIGILL: [libjvm.dylib+0x7c69d4], sa_mask[0]=11111111011111110111111111111111, sa_flags=SA_RESTART|SA_SIGINFO
SIGUSR2: [libjvm.dylib+0x62b895], sa_mask[0]=00100000000000000000000000000000, sa_flags=SA_RESTART|SA_SIGINFO
SIGHUP: [libjvm.dylib+0x62a477], sa_mask[0]=11111111011111110111111111111111, sa_flags=SA_RESTART|SA_SIGINFO
SIGINT: [libjvm.dylib+0x62a477], sa_mask[0]=11111111011111110111111111111111, sa_flags=SA_RESTART|SA_SIGINFO
SIGTERM: [libjvm.dylib+0x62a477], sa_mask[0]=11111111011111110111111111111111, sa_flags=SA_RESTART|SA_SIGINFO
SIGQUIT: [libjvm.dylib+0x62a477], sa_mask[0]=11111111011111110111111111111111, sa_flags=SA_RESTART|SA_SIGINFO


---------------  S Y S T E M  ---------------

OS:uname:Darwin 21.3.0 Darwin Kernel Version 21.3.0: Wed Jan  5 21:37:58 PST 2022; root:xnu-8019.80.24~20/RELEASE_X86_64 x86_64
OS uptime: 6 days 1:48 hours
rlimit (soft/hard): STACK 8192k/65532k , CORE 0k/infinity , NPROC 1392/2088 , NOFILE 10240/infinity , AS infinity/infinity , CPU infinity/infinity , DATA infinity/infinity , FSIZE infinity/infinity , MEMLOCK infinity/infinity , RSS infinity/infinity
load average:1.88 2.00 2.18

CPU:total 4 (initial active 4) (2 cores per cpu, 2 threads per core) family 6 model 61 stepping 4 microcode 0x2f, cmov, cx8, fxsr, mmx, sse, sse2, sse3, ssse3, sse4.1, sse4.2, popcnt, avx, avx2, aes, clmul, erms, 3dnowpref, lzcnt, ht, tsc, tscinvbit, bmi1, bmi2, adx, fma

Memory: 4k page, physical 8388608k(206700k free), swap 3145728k(974080k free)

vm_info: OpenJDK 64-Bit Server VM (11.0.14.1+1) for bsd-amd64 JRE (11.0.14.1+1), built on Feb  8 2022 17:43:13 by "jenkins" with clang 4.2.1 Compatible Apple LLVM 10.0.1 (clang-1001.0.46.4)

END.
